{"name": "test_get_method_not_allowed", "status": "failed", "statusDetails": {"message": "AssertionError: assert 404 == 405\n +  where 404 = <Response [404]>.status_code", "trace": "def test_get_method_not_allowed():\n        response = requests.get(BASE_URL)\n>       assert response.status_code == 405\nE       assert 404 == 405\nE        +  where 404 = <Response [404]>.status_code\n\ntests\\test_token_endpoint.py:95: AssertionError"}, "start": 1752933585730, "stop": 1752933585931, "uuid": "4a133d3c-d593-4585-be63-dca114dbcb8c", "historyId": "7e368a08032bfb3906e23adf40c8c738", "testCaseId": "7e368a08032bfb3906e23adf40c8c738", "fullName": "tests.test_token_endpoint#test_get_method_not_allowed", "labels": [{"name": "parentSuite", "value": "tests"}, {"name": "suite", "value": "test_token_endpoint"}, {"name": "host", "value": "LAPTOP-DLCP2JCN"}, {"name": "thread", "value": "1784-MainThread"}, {"name": "framework", "value": "pytest"}, {"name": "language", "value": "cpython3"}, {"name": "package", "value": "tests.test_token_endpoint"}]}