{"name": "test_empty_body", "status": "failed", "statusDetails": {"message": "AssertionError: assert 401 == 400\n +  where 401 = <Response [401]>.status_code", "trace": "def test_empty_body():\n        response = requests.post(BASE_URL, headers=HEADERS, json={})\n>       assert response.status_code == 400\nE       assert 401 == 400\nE        +  where 401 = <Response [401]>.status_code\n\ntests\\test_token_endpoint.py:85: AssertionError"}, "start": 1753080382952, "stop": 1753080383287, "uuid": "ec9f5168-4b9d-4598-be93-324758de9bbc", "historyId": "c7447eee2af1a40bd13577b25f27e370", "testCaseId": "c7447eee2af1a40bd13577b25f27e370", "fullName": "tests.test_token_endpoint#test_empty_body", "labels": [{"name": "parentSuite", "value": "tests"}, {"name": "suite", "value": "test_token_endpoint"}, {"name": "host", "value": "LAPTOP-DLCP2JCN"}, {"name": "thread", "value": "1512-MainThread"}, {"name": "framework", "value": "pytest"}, {"name": "language", "value": "cpython3"}, {"name": "package", "value": "tests.test_token_endpoint"}]}