{"name": "test_missing_grant_type", "status": "failed", "statusDetails": {"message": "AssertionError: assert 501 == 400\n +  where 501 = <Response [501]>.status_code", "trace": "def test_missing_grant_type():\n        payload = {\n            \"client_id\": config.CLIENT_ID,\n            \"client_secret\": config.CLIENT_SECRET\n        }\n        response = requests.post(BASE_URL, headers=HEADERS, json=payload)\n>       assert response.status_code == 400\nE       assert 501 == 400\nE        +  where 501 = <Response [501]>.status_code\n\ntests\\test_token_endpoint.py:45: AssertionError"}, "start": 1753072348540, "stop": 1753072348735, "uuid": "675dcf99-53f2-4e2f-896d-18eb72006ff9", "historyId": "f92e577d85adacb093507ea64fea8e36", "testCaseId": "f92e577d85adacb093507ea64fea8e36", "fullName": "tests.test_token_endpoint#test_missing_grant_type", "labels": [{"name": "parentSuite", "value": "tests"}, {"name": "suite", "value": "test_token_endpoint"}, {"name": "host", "value": "LAPTOP-DLCP2JCN"}, {"name": "thread", "value": "11936-MainThread"}, {"name": "framework", "value": "pytest"}, {"name": "language", "value": "cpython3"}, {"name": "package", "value": "tests.test_token_endpoint"}]}